# JRE version: OpenJDK Runtime Environment (11.0.2+9) (build 11.0.2+9)
# Java VM: OpenJDK 64-Bit Server VM (11.0.2+9, mixed mode, tiered, compressed oops, g1 gc, windows-amd64)
Heap:
 garbage-first heap   total 335872K, used 145186K [0x0000000740000000, 0x0000000800000000)
  region size 1024K, 15 young (15360K), 1 survivors (1024K)
 Metaspace       used 97825K, capacity 100662K, committed 100816K, reserved 1136640K
  class space    used 13330K, capacity 14599K, committed 14720K, reserved 1048576K
GC Heap History (10 events):
Event: 975.502 GC heap before
{Heap before GC invocations=357 (full 111):
 garbage-first heap   total 335872K, used 202629K [0x0000000740000000, 0x0000000800000000)
  region size 1024K, 60 young (61440K), 3 survivors (3072K)
 Metaspace       used 97777K, capacity 100531K, committed 100816K, reserved 1136640K
  class space    used 13327K, capacity 14598K, committed 14720K, reserved 1048576K
}
Event: 975.505 GC heap after
{Heap after GC invocations=358 (full 111):
 garbage-first heap   total 335872K, used 145358K [0x0000000740000000, 0x0000000800000000)
  region size 1024K, 3 young (3072K), 3 survivors (3072K)
 Metaspace       used 97777K, capacity 100531K, committed 100816K, reserved 1136640K
  class space    used 13327K, capacity 14598K, committed 14720K, reserved 1048576K
}
Event: 1101.276 GC heap before
{Heap before GC invocations=358 (full 111):
 garbage-first heap   total 335872K, used 203726K [0x0000000740000000, 0x0000000800000000)
  region size 1024K, 60 young (61440K), 3 survivors (3072K)
 Metaspace       used 97790K, capacity 100598K, committed 100816K, reserved 1136640K
  class space    used 13327K, capacity 14599K, committed 14720K, reserved 1048576K
}
Event: 1101.279 GC heap after
{Heap after GC invocations=359 (full 111):
 garbage-first heap   total 335872K, used 145291K [0x0000000740000000, 0x0000000800000000)
  region size 1024K, 3 young (3072K), 3 survivors (3072K)
 Metaspace       used 97790K, capacity 100598K, committed 100816K, reserved 1136640K
  class space    used 13327K, capacity 14599K, committed 14720K, reserved 1048576K
}
Event: 1251.428 GC heap before
{Heap before GC invocations=359 (full 111):
 garbage-first heap   total 335872K, used 203659K [0x0000000740000000, 0x0000000800000000)
  region size 1024K, 60 young (61440K), 3 survivors (3072K)
 Metaspace       used 97801K, capacity 100598K, committed 100816K, reserved 1136640K
  class space    used 13327K, capacity 14599K, committed 14720K, reserved 1048576K
}
Event: 1251.431 GC heap after
{Heap after GC invocations=360 (full 111):
 garbage-first heap   total 335872K, used 145359K [0x0000000740000000, 0x0000000800000000)
  region size 1024K, 3 young (3072K), 3 survivors (3072K)
 Metaspace       used 97801K, capacity 100598K, committed 100816K, reserved 1136640K
  class space    used 13327K, capacity 14599K, committed 14720K, reserved 1048576K
}
Event: 18386.424 GC heap before
{Heap before GC invocations=360 (full 111):
 garbage-first heap   total 335872K, used 187343K [0x0000000740000000, 0x0000000800000000)
  region size 1024K, 45 young (46080K), 3 survivors (3072K)
 Metaspace       used 97809K, capacity 100662K, committed 100816K, reserved 1136640K
  class space    used 13329K, capacity 14599K, committed 14720K, reserved 1048576K
}
Event: 18386.519 GC heap after
{Heap after GC invocations=361 (full 112):
 garbage-first heap   total 335872K, used 132407K [0x0000000740000000, 0x0000000800000000)
  region size 1024K, 0 young (0K), 0 survivors (0K)
 Metaspace       used 97809K, capacity 100662K, committed 100816K, reserved 1136640K
  class space    used 13329K, capacity 14599K, committed 14720K, reserved 1048576K
}
Event: 18492.035 GC heap before
{Heap before GC invocations=361 (full 112):
 garbage-first heap   total 335872K, used 193847K [0x0000000740000000, 0x0000000800000000)
  region size 1024K, 60 young (61440K), 0 survivors (0K)
 Metaspace       used 97822K, capacity 100662K, committed 100816K, reserved 1136640K
  class space    used 13330K, capacity 14599K, committed 14720K, reserved 1048576K
}
Event: 18492.038 GC heap after
{Heap after GC invocations=362 (full 112):
 garbage-first heap   total 335872K, used 132898K [0x0000000740000000, 0x0000000800000000)
  region size 1024K, 1 young (1024K), 1 survivors (1024K)
 Metaspace       used 97822K, capacity 100662K, committed 100816K, reserved 1136640K
  class space    used 13330K, capacity 14599K, committed 14720K, reserved 1048576K
}

